{"uuid":"2fae056c-b319-4890-ba8b-68ca7db728d4","historyId":"422e15a783e3d9d9ce48d1235b25f2cd","fullName":"testForm.Tests.testFormWithoutCheckBoxes","labels":[{"name":"package","value":"testForm.Tests"},{"name":"testClass","value":"testForm.Tests"},{"name":"testMethod","value":"testFormWithoutCheckBoxes"},{"name":"parentSuite","value":"Surefire suite"},{"name":"suite","value":"Surefire test"},{"name":"subSuite","value":"testForm.Tests"},{"name":"host","value":"DESKTOP-B5M1EG4"},{"name":"thread","value":"24904@DESKTOP-B5M1EG4.main(1)"},{"name":"framework","value":"testng"},{"name":"language","value":"java"},{"name":"story","value":"Test without using check boxes"},{"name":"feature","value":"Enter data for registration"},{"name":"epic","value":"Registration form"}],"links":[],"name":"testFormWithoutCheckBoxes","status":"failed","statusDetails":{"known":false,"muted":false,"flaky":false,"message":"Element not found {input#userName}\r\nExpected: editable\r\nScreenshot: file:/F:/Java/Spring/TestForm/build/reports/tests/1701108951172.1.png\r\nPage source: file:/F:/Java/Spring/TestForm/build/reports/tests/1701108951172.1.html\r\nTimeout: 4 s.\r\nCaused by: NoSuchElementException: no such element: Unable to locate element: {\"method\":\"css selector\",\"selector\":\"input#userName\"}","trace":"Element not found {input#userName}\r\nExpected: editable\r\nScreenshot: file:/F:/Java/Spring/TestForm/build/reports/tests/1701108951172.1.png\r\nPage source: file:/F:/Java/Spring/TestForm/build/reports/tests/1701108951172.1.html\r\nTimeout: 4 s.\r\nCaused by: NoSuchElementException: no such element: Unable to locate element: {\"method\":\"css selector\",\"selector\":\"input#userName\"}\r\n\tat com.codeborne.selenide.impl.WebElementSource.createElementNotFoundError(WebElementSource.java:91)\r\n\tat com.codeborne.selenide.impl.ElementFinder.createElementNotFoundError(ElementFinder.java:142)\r\n\tat com.codeborne.selenide.impl.WebElementSource.handleError(WebElementSource.java:143)\r\n\tat com.codeborne.selenide.impl.WebElementSource.checkConditionAndReturnElement(WebElementSource.java:127)\r\n\tat com.codeborne.selenide.impl.WebElementSource.findAndAssertElementIsEditable(WebElementSource.java:184)\r\n\tat com.codeborne.selenide.commands.SetValue.setValueForTextInput(SetValue.java:58)\r\n\tat com.codeborne.selenide.commands.SetValue.execute(SetValue.java:43)\r\n\tat com.codeborne.selenide.commands.SetValue.execute(SetValue.java:25)\r\n\tat com.codeborne.selenide.commands.Commands.execute(Commands.java:162)\r\n\tat com.codeborne.selenide.impl.SelenideElementProxy.dispatchAndRetry(SelenideElementProxy.java:132)\r\n\tat com.codeborne.selenide.impl.SelenideElementProxy.invoke(SelenideElementProxy.java:84)\r\n\tat com.sun.proxy.$Proxy18.setValue(Unknown Source)\r\n\tat testForm.pages.RegistrationPage.enterUserName(RegistrationPage.java:19)\r\n\tat testForm.steps.EnterDataSteps.enterDataInForm(EnterDataSteps.java:12)\r\n\tat testForm.Tests.testFormWithoutCheckBoxes(Tests.java:29)\r\n\tat java.base/jdk.internal.reflect.NativeMethodAccessorImpl.invoke0(Native Method)\r\n\tat java.base/jdk.internal.reflect.NativeMethodAccessorImpl.invoke(NativeMethodAccessorImpl.java:62)\r\n\tat java.base/jdk.internal.reflect.DelegatingMethodAccessorImpl.invoke(DelegatingMethodAccessorImpl.java:43)\r\n\tat java.base/java.lang.reflect.Method.invoke(Method.java:566)\r\n\tat org.testng.internal.invokers.MethodInvocationHelper.invokeMethod(MethodInvocationHelper.java:139)\r\n\tat org.testng.internal.invokers.TestInvoker.invokeMethod(TestInvoker.java:664)\r\n\tat org.testng.internal.invokers.TestInvoker.invokeTestMethod(TestInvoker.java:227)\r\n\tat org.testng.internal.invokers.MethodRunner.runInSequence(MethodRunner.java:50)\r\n\tat org.testng.internal.invokers.TestInvoker$MethodInvocationAgent.invoke(TestInvoker.java:957)\r\n\tat org.testng.internal.invokers.TestInvoker.invokeTestMethods(TestInvoker.java:200)\r\n\tat org.testng.internal.invokers.TestMethodWorker.invokeTestMethods(TestMethodWorker.java:148)\r\n\tat org.testng.internal.invokers.TestMethodWorker.run(TestMethodWorker.java:128)\r\n\tat java.base/java.util.ArrayList.forEach(ArrayList.java:1541)\r\n\tat org.testng.TestRunner.privateRun(TestRunner.java:848)\r\n\tat org.testng.TestRunner.run(TestRunner.java:621)\r\n\tat org.testng.SuiteRunner.runTest(SuiteRunner.java:443)\r\n\tat org.testng.SuiteRunner.runSequentially(SuiteRunner.java:437)\r\n\tat org.testng.SuiteRunner.privateRun(SuiteRunner.java:397)\r\n\tat org.testng.SuiteRunner.run(SuiteRunner.java:336)\r\n\tat org.testng.SuiteRunnerWorker.runSuite(SuiteRunnerWorker.java:52)\r\n\tat org.testng.SuiteRunnerWorker.run(SuiteRunnerWorker.java:95)\r\n\tat org.testng.TestNG.runSuitesSequentially(TestNG.java:1280)\r\n\tat org.testng.TestNG.runSuitesLocally(TestNG.java:1200)\r\n\tat org.testng.TestNG.runSuites(TestNG.java:1114)\r\n\tat org.testng.TestNG.run(TestNG.java:1082)\r\n\tat org.apache.maven.surefire.testng.TestNGExecutor.run(TestNGExecutor.java:155)\r\n\tat org.apache.maven.surefire.testng.TestNGDirectoryTestSuite.executeMulti(TestNGDirectoryTestSuite.java:169)\r\n\tat org.apache.maven.surefire.testng.TestNGDirectoryTestSuite.execute(TestNGDirectoryTestSuite.java:88)\r\n\tat org.apache.maven.surefire.testng.TestNGProvider.invoke(TestNGProvider.java:137)\r\n\tat org.apache.maven.surefire.booter.ForkedBooter.runSuitesInProcess(ForkedBooter.java:385)\r\n\tat org.apache.maven.surefire.booter.ForkedBooter.execute(ForkedBooter.java:162)\r\n\tat org.apache.maven.surefire.booter.ForkedBooter.run(ForkedBooter.java:507)\r\n\tat org.apache.maven.surefire.booter.ForkedBooter.main(ForkedBooter.java:495)\r\nCaused by: org.openqa.selenium.NoSuchElementException: no such element: Unable to locate element: {\"method\":\"css selector\",\"selector\":\"input#userName\"}\n  (Session info: chrome=119.0.6045.160)\nFor documentation on this error, please visit: https://selenium.dev/exceptions/#no_such_element\nBuild info: version: '4.9.1', revision: 'eb2032df7f'\nSystem info: os.name: 'Windows 11', os.arch: 'amd64', os.version: '10.0', java.version: '11.0.21'\nDriver info: org.openqa.selenium.chrome.ChromeDriver\nCommand: [7d12da44b2b0fc76f685c4bb709ba04c, findElement {using=css selector, value=input#userName}]\nCapabilities {acceptInsecureCerts: true, browserName: chrome, browserVersion: 119.0.6045.160, chrome: {chromedriverVersion: 119.0.6045.105 (38c72552c5e..., userDataDir: C:\\Users\\PC\\AppData\\Local\\T...}, fedcm:accounts: true, goog:chromeOptions: {debuggerAddress: localhost:59970}, networkConnectionEnabled: false, pageLoadStrategy: normal, platformName: windows, proxy: Proxy(), se:cdp: ws://localhost:59970/devtoo..., se:cdpVersion: 119.0.6045.160, setWindowRect: true, strictFileInteractability: false, timeouts: {implicit: 0, pageLoad: 300000, script: 30000}, unhandledPromptBehavior: accept, webauthn:extension:credBlob: true, webauthn:extension:largeBlob: true, webauthn:extension:minPinLength: true, webauthn:extension:prf: true, webauthn:virtualAuthenticators: true}\nSession ID: 7d12da44b2b0fc76f685c4bb709ba04c\r\n\tat jdk.internal.reflect.GeneratedConstructorAccessor10.newInstance(Unknown Source)\r\n\tat java.base/jdk.internal.reflect.DelegatingConstructorAccessorImpl.newInstance(DelegatingConstructorAccessorImpl.java:45)\r\n\tat java.base/java.lang.reflect.Constructor.newInstance(Constructor.java:490)\r\n\tat org.openqa.selenium.remote.codec.w3c.W3CHttpResponseCodec.createException(W3CHttpResponseCodec.java:200)\r\n\tat org.openqa.selenium.remote.codec.w3c.W3CHttpResponseCodec.decode(W3CHttpResponseCodec.java:133)\r\n\tat org.openqa.selenium.remote.codec.w3c.W3CHttpResponseCodec.decode(W3CHttpResponseCodec.java:53)\r\n\tat org.openqa.selenium.remote.HttpCommandExecutor.execute(HttpCommandExecutor.java:193)\r\n\tat org.openqa.selenium.remote.service.DriverCommandExecutor.invokeExecute(DriverCommandExecutor.java:183)\r\n\tat org.openqa.selenium.remote.service.DriverCommandExecutor.execute(DriverCommandExecutor.java:158)\r\n\tat org.openqa.selenium.remote.RemoteWebDriver.execute(RemoteWebDriver.java:543)\r\n\tat org.openqa.selenium.remote.ElementLocation$ElementFinder$2.findElement(ElementLocation.java:162)\r\n\tat org.openqa.selenium.remote.ElementLocation.findElement(ElementLocation.java:60)\r\n\tat org.openqa.selenium.remote.RemoteWebDriver.findElement(RemoteWebDriver.java:352)\r\n\tat org.openqa.selenium.remote.RemoteWebDriver.findElement(RemoteWebDriver.java:344)\r\n\tat com.codeborne.selenide.impl.WebElementSelector.findElement(WebElementSelector.java:70)\r\n\tat com.codeborne.selenide.impl.WebElementSelector.findElement(WebElementSelector.java:44)\r\n\tat com.codeborne.selenide.impl.WebElementSelector.findElement(WebElementSelector.java:33)\r\n\tat com.codeborne.selenide.impl.ElementFinder.getWebElement(ElementFinder.java:122)\r\n\tat com.codeborne.selenide.impl.WebElementSource.checkConditionAndReturnElement(WebElementSource.java:116)\r\n\t... 44 more\r\n"},"stage":"finished","steps":[],"attachments":[],"parameters":[],"start":1701108946975,"stop":1701108951286}